<?xml version="1.0" encoding="UTF-8"?>
<!-- Generated by org.testng.reporters.JUnitXMLReporter -->
<testsuite hostname="svanik" name="test1" tests="6" failures="0" timestamp="22 Sep 2015 06:30:35 GMT" time="4.851" errors="0">
  <testcase name="@BeforeClass setUp" time="0.0" classname="seleniumtutorial.Hotel_Login">
    <failure type="org.openqa.selenium.SessionNotCreatedException" message="session not created exception
from disconnected: received Inspector.detached event
  (Session info: chrome=45.0.2454.93)
  (Driver info: chromedriver=2.16.333243 (0bfa1d3575fc1044244f21ddb82bf870944ef961),platform=Windows NT 6.3 x86_64) (WARNING: The server did not provide any stacktrace information)
Command duration or timeout: 2.84 seconds
Build info: version: &amp;apos;2.47.1&amp;apos;, revision: &amp;apos;unknown&amp;apos;, time: &amp;apos;2015-07-30 11:02:44&amp;apos;
System info: host: &amp;apos;svanik&amp;apos;, ip: &amp;apos;192.168.0.3&amp;apos;, os.name: &amp;apos;Windows 8.1&amp;apos;, os.arch: &amp;apos;amd64&amp;apos;, os.version: &amp;apos;6.3&amp;apos;, java.version: &amp;apos;1.8.0_40&amp;apos;
Driver info: org.openqa.selenium.chrome.ChromeDriver">
      <![CDATA[org.openqa.selenium.SessionNotCreatedException: session not created exception
from disconnected: received Inspector.detached event
  (Session info: chrome=45.0.2454.93)
  (Driver info: chromedriver=2.16.333243 (0bfa1d3575fc1044244f21ddb82bf870944ef961),platform=Windows NT 6.3 x86_64) (WARNING: The server did not provide any stacktrace information)
Command duration or timeout: 2.84 seconds
Build info: version: '2.47.1', revision: 'unknown', time: '2015-07-30 11:02:44'
System info: host: 'svanik', ip: '192.168.0.3', os.name: 'Windows 8.1', os.arch: 'amd64', os.version: '6.3', java.version: '1.8.0_40'
Driver info: org.openqa.selenium.chrome.ChromeDriver
	at org.openqa.selenium.remote.ErrorHandler.createThrowable(ErrorHandler.java:206)
	at org.openqa.selenium.remote.ErrorHandler.throwIfResponseFailed(ErrorHandler.java:158)
	at org.openqa.selenium.remote.RemoteWebDriver.execute(RemoteWebDriver.java:595)
	at org.openqa.selenium.remote.RemoteWebDriver.startSession(RemoteWebDriver.java:242)
	at org.openqa.selenium.remote.RemoteWebDriver.<init>(RemoteWebDriver.java:128)
	at org.openqa.selenium.remote.RemoteWebDriver.<init>(RemoteWebDriver.java:141)
	at org.openqa.selenium.chrome.ChromeDriver.<init>(ChromeDriver.java:170)
	at org.openqa.selenium.chrome.ChromeDriver.<init>(ChromeDriver.java:159)
	at org.openqa.selenium.chrome.ChromeDriver.<init>(ChromeDriver.java:116)
	at seleniumtutorial.HotelApp_BusinessFuctions.Browser(HotelApp_BusinessFuctions.java:53)
	at seleniumtutorial.HotelApp_BusinessFuctions.setup(HotelApp_BusinessFuctions.java:26)
	at seleniumtutorial.Hotel_Login.setUp(Hotel_Login.java:28)
... Removed 28 stack frames]]>
    </failure>
  </testcase> <!-- @BeforeClass setUp -->
  <testcase name="@AfterClass terminate" time="0.0" classname="seleniumtutorial.Hotel_Login">
    <skipped/>
  </testcase> <!-- @AfterClass terminate -->
  <testcase name="login" time="0.001" classname="seleniumtutorial.Hotel_Login">
    <skipped/>
  </testcase> <!-- login -->
  <testcase name="testHotelApp" time="0.0" classname="seleniumtutorial.Hotel_Login">
    <skipped/>
  </testcase> <!-- testHotelApp -->
  <testcase name="afterMethod" time="0.004" classname="seleniumtutorial.TestExamples"/>
  <testcase name="beforeMethod" time="0.003" classname="seleniumtutorial.TestExamples"/>
  <testcase name="test1" time="0.0" classname="seleniumtutorial.TestExamples"/>
  <testcase name="test2" time="0.001" classname="seleniumtutorial.TestExamples"/>
</testsuite> <!-- test1 -->
